0 info it worked if it ends with ok
1 verbose cli [ 'C:\\Program Files\\nodejs\\node.exe',
1 verbose cli   'C:\\Program Files\\nodejs\\node_modules\\npm\\bin\\npm-cli.js',
1 verbose cli   'run',
1 verbose cli   'test' ]
2 info using npm@3.10.8
3 info using node@v6.9.1
4 verbose run-script [ 'pretest', 'test', 'posttest' ]
5 info lifecycle core-decorators@0.14.0~pretest: core-decorators@0.14.0
6 silly lifecycle core-decorators@0.14.0~pretest: no script for pretest, continuing
7 info lifecycle core-decorators@0.14.0~test: core-decorators@0.14.0
8 verbose lifecycle core-decorators@0.14.0~test: unsafe-perm in lifecycle true
9 verbose lifecycle core-decorators@0.14.0~test: PATH: C:\Users\RCC\AppData\Roaming\nvm\v6.9.1\node_modules\npm\bin\node-gyp-bin;C:\Users\RCC\Desktop\New folder (3)\core-decorators.js\node_modules\.bin;C:\ProgramData\Oracle\Java\javapath;C:\Windows\system32;C:\Windows;C:\Windows\System32\Wbem;C:\Windows\System32\WindowsPowerShell\v1.0\;C:\ProgramData\chocolatey\bin;C:\Program Files (x86)\NVIDIA Corporation\PhysX\Common;C:\Users\RCC\AppData\Roaming\nvm;C:\Program Files\nodejs;C:\WINDOWS\system32;C:\WINDOWS;C:\WINDOWS\System32\Wbem;C:\WINDOWS\System32\WindowsPowerShell\v1.0\;C:\Program Files\TortoiseSVN\bin;C:\Program Files (x86)\Skype\Phone\;C:\ProgramData\ComposerSetup\bin;C:\Users\RCC\AppData\Local\atom\bin;C:\Users\RCC\AppData\Roaming\nvm;C:\Program Files\nodejs;C:\xampp\php;C:\Program Files (x86)\OpenVPN\bin;C:\Users\RCC\AppData\Local\Code\bin;C:\Program Files (x86)\Git\bin;C:\Users\RCC\APPDATA\LOCAL\CODE\bin;C:\Users\RCC\AppData\Roaming\Composer\vendor\bin;D:\programs\instantclient_10_2
10 verbose lifecycle core-decorators@0.14.0~test: CWD: C:\Users\RCC\Desktop\New folder (3)\core-decorators.js
11 silly lifecycle core-decorators@0.14.0~test: Args: [ '/d /s /c',
11 silly lifecycle   'npm run build && mocha --compilers js:babel-register --require babel-polyfill "test/**/*.spec.js"' ]
12 silly lifecycle core-decorators@0.14.0~test: Returned: code: 12  signal: null
13 info lifecycle core-decorators@0.14.0~test: Failed to exec test script
14 verbose stack Error: core-decorators@0.14.0 test: `npm run build && mocha --compilers js:babel-register --require babel-polyfill "test/**/*.spec.js"`
14 verbose stack Exit status 12
14 verbose stack     at EventEmitter.<anonymous> (C:\Users\RCC\AppData\Roaming\nvm\v6.9.1\node_modules\npm\lib\utils\lifecycle.js:255:16)
14 verbose stack     at emitTwo (events.js:106:13)
14 verbose stack     at EventEmitter.emit (events.js:191:7)
14 verbose stack     at ChildProcess.<anonymous> (C:\Users\RCC\AppData\Roaming\nvm\v6.9.1\node_modules\npm\lib\utils\spawn.js:40:14)
14 verbose stack     at emitTwo (events.js:106:13)
14 verbose stack     at ChildProcess.emit (events.js:191:7)
14 verbose stack     at maybeClose (internal/child_process.js:877:16)
14 verbose stack     at Process.ChildProcess._handle.onexit (internal/child_process.js:226:5)
15 verbose pkgid core-decorators@0.14.0
16 verbose cwd C:\Users\RCC\Desktop\New folder (3)\core-decorators.js
17 error Windows_NT 10.0.10586
18 error argv "C:\\Program Files\\nodejs\\node.exe" "C:\\Program Files\\nodejs\\node_modules\\npm\\bin\\npm-cli.js" "run" "test"
19 error node v6.9.1
20 error npm  v3.10.8
21 error code ELIFECYCLE
22 error core-decorators@0.14.0 test: `npm run build && mocha --compilers js:babel-register --require babel-polyfill "test/**/*.spec.js"`
22 error Exit status 12
23 error Failed at the core-decorators@0.14.0 test script 'npm run build && mocha --compilers js:babel-register --require babel-polyfill "test/**/*.spec.js"'.
23 error Make sure you have the latest version of node.js and npm installed.
23 error If you do, this is most likely a problem with the core-decorators package,
23 error not with npm itself.
23 error Tell the author that this fails on your system:
23 error     npm run build && mocha --compilers js:babel-register --require babel-polyfill "test/**/*.spec.js"
23 error You can get information on how to open an issue for this project with:
23 error     npm bugs core-decorators
23 error Or if that isn't available, you can get their info via:
23 error     npm owner ls core-decorators
23 error There is likely additional logging output above.
24 verbose exit [ 1, true ]
